  Masa_cu_Scaune.c
C:\Users\Reto\Documents\OpenGL\Proiect\Project1\Masa_cu_Scaune.c(35,1): warning C4305: 'initializing': truncation from 'double' to 'GLfloat'
C:\Users\Reto\Documents\OpenGL\Proiect\Project1\Masa_cu_Scaune.c(37,1): warning C4305: 'initializing': truncation from 'double' to 'GLfloat'
C:\Users\Reto\Documents\OpenGL\Proiect\Project1\Masa_cu_Scaune.c(100,15): warning C4305: 'function': truncation from 'double' to 'GLfloat'
C:\Users\Reto\Documents\OpenGL\Proiect\Project1\Masa_cu_Scaune.c(100,23): warning C4305: 'function': truncation from 'double' to 'GLfloat'
C:\Users\Reto\Documents\OpenGL\Proiect\Project1\Masa_cu_Scaune.c(100,28): warning C4305: 'function': truncation from 'double' to 'GLfloat'
C:\Users\Reto\Documents\OpenGL\Proiect\Project1\Masa_cu_Scaune.c(110,15): warning C4305: 'function': truncation from 'double' to 'GLfloat'
C:\Users\Reto\Documents\OpenGL\Proiect\Project1\Masa_cu_Scaune.c(110,23): warning C4305: 'function': truncation from 'double' to 'GLfloat'
C:\Users\Reto\Documents\OpenGL\Proiect\Project1\Masa_cu_Scaune.c(110,28): warning C4305: 'function': truncation from 'double' to 'GLfloat'
C:\Users\Reto\Documents\OpenGL\Proiect\Project1\Masa_cu_Scaune.c(120,15): warning C4305: 'function': truncation from 'double' to 'GLfloat'
C:\Users\Reto\Documents\OpenGL\Proiect\Project1\Masa_cu_Scaune.c(120,23): warning C4305: 'function': truncation from 'double' to 'GLfloat'
C:\Users\Reto\Documents\OpenGL\Proiect\Project1\Masa_cu_Scaune.c(120,28): warning C4305: 'function': truncation from 'double' to 'GLfloat'
C:\Users\Reto\Documents\OpenGL\Proiect\Project1\Masa_cu_Scaune.c(130,15): warning C4305: 'function': truncation from 'double' to 'GLfloat'
C:\Users\Reto\Documents\OpenGL\Proiect\Project1\Masa_cu_Scaune.c(130,23): warning C4305: 'function': truncation from 'double' to 'GLfloat'
C:\Users\Reto\Documents\OpenGL\Proiect\Project1\Masa_cu_Scaune.c(130,28): warning C4305: 'function': truncation from 'double' to 'GLfloat'
C:\Users\Reto\Documents\OpenGL\Proiect\Project1\Masa_cu_Scaune.c(140,15): warning C4305: 'function': truncation from 'double' to 'GLfloat'
C:\Users\Reto\Documents\OpenGL\Proiect\Project1\Masa_cu_Scaune.c(140,23): warning C4305: 'function': truncation from 'double' to 'GLfloat'
C:\Users\Reto\Documents\OpenGL\Proiect\Project1\Masa_cu_Scaune.c(140,28): warning C4305: 'function': truncation from 'double' to 'GLfloat'
C:\Users\Reto\Documents\OpenGL\Proiect\Project1\Masa_cu_Scaune.c(156,15): warning C4305: 'function': truncation from 'double' to 'GLfloat'
C:\Users\Reto\Documents\OpenGL\Proiect\Project1\Masa_cu_Scaune.c(156,23): warning C4305: 'function': truncation from 'double' to 'GLfloat'
C:\Users\Reto\Documents\OpenGL\Proiect\Project1\Masa_cu_Scaune.c(156,28): warning C4305: 'function': truncation from 'double' to 'GLfloat'
C:\Users\Reto\Documents\OpenGL\Proiect\Project1\Masa_cu_Scaune.c(166,15): warning C4305: 'function': truncation from 'double' to 'GLfloat'
C:\Users\Reto\Documents\OpenGL\Proiect\Project1\Masa_cu_Scaune.c(166,23): warning C4305: 'function': truncation from 'double' to 'GLfloat'
C:\Users\Reto\Documents\OpenGL\Proiect\Project1\Masa_cu_Scaune.c(166,28): warning C4305: 'function': truncation from 'double' to 'GLfloat'
C:\Users\Reto\Documents\OpenGL\Proiect\Project1\Masa_cu_Scaune.c(176,15): warning C4305: 'function': truncation from 'double' to 'GLfloat'
C:\Users\Reto\Documents\OpenGL\Proiect\Project1\Masa_cu_Scaune.c(176,23): warning C4305: 'function': truncation from 'double' to 'GLfloat'
C:\Users\Reto\Documents\OpenGL\Proiect\Project1\Masa_cu_Scaune.c(176,28): warning C4305: 'function': truncation from 'double' to 'GLfloat'
C:\Users\Reto\Documents\OpenGL\Proiect\Project1\Masa_cu_Scaune.c(186,15): warning C4305: 'function': truncation from 'double' to 'GLfloat'
C:\Users\Reto\Documents\OpenGL\Proiect\Project1\Masa_cu_Scaune.c(186,23): warning C4305: 'function': truncation from 'double' to 'GLfloat'
C:\Users\Reto\Documents\OpenGL\Proiect\Project1\Masa_cu_Scaune.c(186,28): warning C4305: 'function': truncation from 'double' to 'GLfloat'
C:\Users\Reto\Documents\OpenGL\Proiect\Project1\Masa_cu_Scaune.c(196,15): warning C4305: 'function': truncation from 'double' to 'GLfloat'
C:\Users\Reto\Documents\OpenGL\Proiect\Project1\Masa_cu_Scaune.c(196,23): warning C4305: 'function': truncation from 'double' to 'GLfloat'
C:\Users\Reto\Documents\OpenGL\Proiect\Project1\Masa_cu_Scaune.c(196,28): warning C4305: 'function': truncation from 'double' to 'GLfloat'
C:\Users\Reto\Documents\OpenGL\Proiect\Project1\Masa_cu_Scaune.c(222,15): warning C4305: 'function': truncation from 'double' to 'GLfloat'
C:\Users\Reto\Documents\OpenGL\Proiect\Project1\Masa_cu_Scaune.c(222,23): warning C4305: 'function': truncation from 'double' to 'GLfloat'
C:\Users\Reto\Documents\OpenGL\Proiect\Project1\Masa_cu_Scaune.c(222,28): warning C4305: 'function': truncation from 'double' to 'GLfloat'
C:\Users\Reto\Documents\OpenGL\Proiect\Project1\Masa_cu_Scaune.c(232,15): warning C4305: 'function': truncation from 'double' to 'GLfloat'
C:\Users\Reto\Documents\OpenGL\Proiect\Project1\Masa_cu_Scaune.c(232,23): warning C4305: 'function': truncation from 'double' to 'GLfloat'
C:\Users\Reto\Documents\OpenGL\Proiect\Project1\Masa_cu_Scaune.c(232,28): warning C4305: 'function': truncation from 'double' to 'GLfloat'
C:\Users\Reto\Documents\OpenGL\Proiect\Project1\Masa_cu_Scaune.c(204,9): warning C4101: 'j': unreferenced local variable
C:\Users\Reto\Documents\OpenGL\Proiect\Project1\Masa_cu_Scaune.c(204,6): warning C4101: 'i': unreferenced local variable
C:\Users\Reto\Documents\OpenGL\Proiect\Project1\Masa_cu_Scaune.c(309,38): warning C4133: 'function': incompatible types - from 'char [19]' to 'LPCWSTR'
  Project1.vcxproj -> C:\Users\Reto\Documents\OpenGL\Proiect\Project1\Debug\Project1.exe
